{"C:\\Users\\55159\\Desktop\\RaidersAcademy-backend\\src\\index.ts": {"path":"C:\\Users\\55159\\Desktop\\RaidersAcademy-backend\\src\\index.ts","statementMap":{"0":{"start":{"line":1,"column":0},"end":{"line":1,"column":30}},"1":{"start":{"line":2,"column":0},"end":{"line":2,"column":24}},"2":{"start":{"line":3,"column":0},"end":{"line":3,"column":37}},"3":{"start":{"line":4,"column":0},"end":{"line":4,"column":28}},"4":{"start":{"line":5,"column":0},"end":{"line":5,"column":46}},"5":{"start":{"line":6,"column":0},"end":{"line":6,"column":48}},"6":{"start":{"line":7,"column":0},"end":{"line":7,"column":56}},"7":{"start":{"line":8,"column":0},"end":{"line":8,"column":56}},"8":{"start":{"line":9,"column":0},"end":{"line":9,"column":49}},"9":{"start":{"line":10,"column":0},"end":{"line":10,"column":55}},"10":{"start":{"line":12,"column":0},"end":{"line":12,"column":16}},"11":{"start":{"line":14,"column":12},"end":{"line":14,"column":21}},"12":{"start":{"line":15,"column":13},"end":{"line":15,"column":37}},"13":{"start":{"line":18,"column":0},"end":{"line":21,"column":3}},"14":{"start":{"line":19,"column":2},"end":{"line":19,"column":58}},"15":{"start":{"line":20,"column":2},"end":{"line":20,"column":18}},"16":{"start":{"line":24,"column":0},"end":{"line":24,"column":16}},"17":{"start":{"line":25,"column":0},"end":{"line":25,"column":27}},"18":{"start":{"line":28,"column":0},"end":{"line":28,"column":18}},"19":{"start":{"line":31,"column":0},"end":{"line":31,"column":31}},"20":{"start":{"line":32,"column":0},"end":{"line":32,"column":32}},"21":{"start":{"line":33,"column":0},"end":{"line":33,"column":36}},"22":{"start":{"line":34,"column":0},"end":{"line":34,"column":36}},"23":{"start":{"line":37,"column":0},"end":{"line":37,"column":19}}},"fnMap":{"0":{"name":"(anonymous_1)","decl":{"start":{"line":18,"column":26},"end":{"line":18,"column":27}},"loc":{"start":{"line":18,"column":34},"end":{"line":21,"column":1}}}},"branchMap":{"0":{"loc":{"start":{"line":15,"column":13},"end":{"line":15,"column":37}},"type":"binary-expr","locations":[{"start":{"line":15,"column":13},"end":{"line":15,"column":29}},{"start":{"line":15,"column":33},"end":{"line":15,"column":37}}]}},"s":{"0":4,"1":4,"2":4,"3":4,"4":4,"5":4,"6":4,"7":4,"8":4,"9":4,"10":4,"11":4,"12":4,"13":4,"14":0,"15":0,"16":4,"17":4,"18":4,"19":4,"20":4,"21":4,"22":4,"23":4},"f":{"0":0},"b":{"0":[4,0]}}
,"C:\\Users\\55159\\Desktop\\RaidersAcademy-backend\\src\\controllers\\admin.controller.ts": {"path":"C:\\Users\\55159\\Desktop\\RaidersAcademy-backend\\src\\controllers\\admin.controller.ts","statementMap":{"0":{"start":{"line":2,"column":0},"end":{"line":2,"column":30}},"1":{"start":{"line":3,"column":0},"end":{"line":3,"column":47}},"2":{"start":{"line":4,"column":0},"end":{"line":4,"column":31}},"3":{"start":{"line":6,"column":19},"end":{"line":6,"column":61}},"4":{"start":{"line":16,"column":29},"end":{"line":63,"column":1}},"5":{"start":{"line":17,"column":38},"end":{"line":17,"column":46}},"6":{"start":{"line":19,"column":2},"end":{"line":62,"column":3}},"7":{"start":{"line":21,"column":24},"end":{"line":21,"column":64}},"8":{"start":{"line":24,"column":4},"end":{"line":30,"column":5}},"9":{"start":{"line":26,"column":6},"end":{"line":29,"column":7}},"10":{"start":{"line":27,"column":8},"end":{"line":27,"column":107}},"11":{"start":{"line":28,"column":8},"end":{"line":28,"column":15}},"12":{"start":{"line":33,"column":27},"end":{"line":33,"column":59}},"13":{"start":{"line":34,"column":25},"end":{"line":34,"column":55}},"14":{"start":{"line":36,"column":4},"end":{"line":39,"column":5}},"15":{"start":{"line":37,"column":6},"end":{"line":37,"column":71}},"16":{"start":{"line":38,"column":6},"end":{"line":38,"column":13}},"17":{"start":{"line":42,"column":22},"end":{"line":42,"column":50}},"18":{"start":{"line":45,"column":22},"end":{"line":52,"column":6}},"19":{"start":{"line":55,"column":4},"end":{"line":55,"column":27}},"20":{"start":{"line":57,"column":4},"end":{"line":57,"column":98}},"21":{"start":{"line":58,"column":4},"end":{"line":58,"column":11}},"22":{"start":{"line":60,"column":4},"end":{"line":60,"column":83}},"23":{"start":{"line":61,"column":4},"end":{"line":61,"column":11}},"24":{"start":{"line":16,"column":13},"end":{"line":16,"column":29}},"25":{"start":{"line":66,"column":26},"end":{"line":95,"column":1}},"26":{"start":{"line":67,"column":27},"end":{"line":67,"column":35}},"27":{"start":{"line":69,"column":2},"end":{"line":94,"column":3}},"28":{"start":{"line":71,"column":20},"end":{"line":71,"column":52}},"29":{"start":{"line":73,"column":4},"end":{"line":76,"column":5}},"30":{"start":{"line":74,"column":6},"end":{"line":74,"column":97}},"31":{"start":{"line":75,"column":6},"end":{"line":75,"column":13}},"32":{"start":{"line":79,"column":24},"end":{"line":79,"column":66}},"33":{"start":{"line":81,"column":4},"end":{"line":84,"column":5}},"34":{"start":{"line":82,"column":6},"end":{"line":82,"column":66}},"35":{"start":{"line":83,"column":6},"end":{"line":83,"column":13}},"36":{"start":{"line":87,"column":18},"end":{"line":89,"column":6}},"37":{"start":{"line":91,"column":4},"end":{"line":91,"column":67}},"38":{"start":{"line":93,"column":4},"end":{"line":93,"column":71}},"39":{"start":{"line":66,"column":13},"end":{"line":66,"column":26}}},"fnMap":{"0":{"name":"(anonymous_1)","decl":{"start":{"line":16,"column":29},"end":{"line":16,"column":34}},"loc":{"start":{"line":16,"column":87},"end":{"line":63,"column":1}}},"1":{"name":"(anonymous_2)","decl":{"start":{"line":66,"column":26},"end":{"line":66,"column":31}},"loc":{"start":{"line":66,"column":79},"end":{"line":95,"column":1}}}},"branchMap":{"0":{"loc":{"start":{"line":6,"column":19},"end":{"line":6,"column":61}},"type":"binary-expr","locations":[{"start":{"line":6,"column":19},"end":{"line":6,"column":41}},{"start":{"line":6,"column":45},"end":{"line":6,"column":61}}]},"1":{"loc":{"start":{"line":24,"column":4},"end":{"line":30,"column":5}},"type":"if","locations":[{"start":{"line":24,"column":4},"end":{"line":30,"column":5}}]},"2":{"loc":{"start":{"line":26,"column":6},"end":{"line":29,"column":7}},"type":"if","locations":[{"start":{"line":26,"column":6},"end":{"line":29,"column":7}}]},"3":{"loc":{"start":{"line":26,"column":10},"end":{"line":26,"column":40}},"type":"binary-expr","locations":[{"start":{"line":26,"column":10},"end":{"line":26,"column":19}},{"start":{"line":26,"column":23},"end":{"line":26,"column":40}}]},"4":{"loc":{"start":{"line":36,"column":4},"end":{"line":39,"column":5}},"type":"if","locations":[{"start":{"line":36,"column":4},"end":{"line":39,"column":5}}]},"5":{"loc":{"start":{"line":36,"column":8},"end":{"line":36,"column":38}},"type":"binary-expr","locations":[{"start":{"line":36,"column":8},"end":{"line":36,"column":22}},{"start":{"line":36,"column":26},"end":{"line":36,"column":38}}]},"6":{"loc":{"start":{"line":73,"column":4},"end":{"line":76,"column":5}},"type":"if","locations":[{"start":{"line":73,"column":4},"end":{"line":76,"column":5}}]},"7":{"loc":{"start":{"line":73,"column":8},"end":{"line":73,"column":36}},"type":"binary-expr","locations":[{"start":{"line":73,"column":8},"end":{"line":73,"column":16}},{"start":{"line":73,"column":20},"end":{"line":73,"column":36}}]},"8":{"loc":{"start":{"line":81,"column":4},"end":{"line":84,"column":5}},"type":"if","locations":[{"start":{"line":81,"column":4},"end":{"line":84,"column":5}}]}},"s":{"0":4,"1":4,"2":4,"3":4,"4":4,"5":6,"6":6,"7":6,"8":6,"9":4,"10":1,"11":1,"12":5,"13":5,"14":5,"15":2,"16":2,"17":3,"18":3,"19":3,"20":2,"21":2,"22":1,"23":1,"24":4,"25":4,"26":65,"27":65,"28":65,"29":64,"30":1,"31":1,"32":63,"33":63,"34":1,"35":1,"36":62,"37":62,"38":1,"39":4},"f":{"0":6,"1":65},"b":{"0":[4,4],"1":[4],"2":[1],"3":[4,3],"4":[2],"5":[5,4],"6":[1],"7":[64,64],"8":[1]}}
,"C:\\Users\\55159\\Desktop\\RaidersAcademy-backend\\src\\controllers\\campus.controller.ts": {"path":"C:\\Users\\55159\\Desktop\\RaidersAcademy-backend\\src\\controllers\\campus.controller.ts","statementMap":{"0":{"start":{"line":2,"column":0},"end":{"line":2,"column":49}},"1":{"start":{"line":4,"column":27},"end":{"line":15,"column":1}},"2":{"start":{"line":5,"column":2},"end":{"line":14,"column":3}},"3":{"start":{"line":6,"column":34},"end":{"line":6,"column":42}},"4":{"start":{"line":8,"column":23},"end":{"line":8,"column":56}},"5":{"start":{"line":9,"column":24},"end":{"line":9,"column":47}},"6":{"start":{"line":11,"column":4},"end":{"line":11,"column":38}},"7":{"start":{"line":13,"column":4},"end":{"line":13,"column":72}},"8":{"start":{"line":4,"column":13},"end":{"line":4,"column":27}},"9":{"start":{"line":17,"column":31},"end":{"line":31,"column":1}},"10":{"start":{"line":18,"column":2},"end":{"line":30,"column":3}},"11":{"start":{"line":19,"column":19},"end":{"line":19,"column":29}},"12":{"start":{"line":20,"column":29},"end":{"line":20,"column":88}},"13":{"start":{"line":22,"column":4},"end":{"line":25,"column":5}},"14":{"start":{"line":23,"column":6},"end":{"line":23,"column":65}},"15":{"start":{"line":24,"column":6},"end":{"line":24,"column":13}},"16":{"start":{"line":27,"column":4},"end":{"line":27,"column":43}},"17":{"start":{"line":29,"column":4},"end":{"line":29,"column":76}},"18":{"start":{"line":17,"column":13},"end":{"line":17,"column":31}},"19":{"start":{"line":33,"column":29},"end":{"line":48,"column":1}},"20":{"start":{"line":34,"column":2},"end":{"line":47,"column":3}},"21":{"start":{"line":35,"column":19},"end":{"line":35,"column":29}},"22":{"start":{"line":37,"column":27},"end":{"line":37,"column":61}},"23":{"start":{"line":39,"column":4},"end":{"line":42,"column":5}},"24":{"start":{"line":40,"column":6},"end":{"line":40,"column":65}},"25":{"start":{"line":41,"column":6},"end":{"line":41,"column":13}},"26":{"start":{"line":44,"column":4},"end":{"line":44,"column":70}},"27":{"start":{"line":46,"column":4},"end":{"line":46,"column":74}},"28":{"start":{"line":33,"column":13},"end":{"line":33,"column":29}},"29":{"start":{"line":50,"column":28},"end":{"line":64,"column":1}},"30":{"start":{"line":51,"column":2},"end":{"line":63,"column":3}},"31":{"start":{"line":53,"column":19},"end":{"line":53,"column":38}},"32":{"start":{"line":55,"column":4},"end":{"line":58,"column":5}},"33":{"start":{"line":56,"column":6},"end":{"line":56,"column":68}},"34":{"start":{"line":57,"column":6},"end":{"line":57,"column":13}},"35":{"start":{"line":60,"column":4},"end":{"line":60,"column":33}},"36":{"start":{"line":62,"column":4},"end":{"line":62,"column":73}},"37":{"start":{"line":50,"column":13},"end":{"line":50,"column":28}}},"fnMap":{"0":{"name":"(anonymous_0)","decl":{"start":{"line":4,"column":27},"end":{"line":4,"column":32}},"loc":{"start":{"line":4,"column":65},"end":{"line":15,"column":1}}},"1":{"name":"(anonymous_1)","decl":{"start":{"line":17,"column":31},"end":{"line":17,"column":36}},"loc":{"start":{"line":17,"column":69},"end":{"line":31,"column":1}}},"2":{"name":"(anonymous_2)","decl":{"start":{"line":33,"column":29},"end":{"line":33,"column":34}},"loc":{"start":{"line":33,"column":67},"end":{"line":48,"column":1}}},"3":{"name":"(anonymous_3)","decl":{"start":{"line":50,"column":28},"end":{"line":50,"column":33}},"loc":{"start":{"line":50,"column":82},"end":{"line":64,"column":1}}}},"branchMap":{"0":{"loc":{"start":{"line":22,"column":4},"end":{"line":25,"column":5}},"type":"if","locations":[{"start":{"line":22,"column":4},"end":{"line":25,"column":5}}]},"1":{"loc":{"start":{"line":39,"column":4},"end":{"line":42,"column":5}},"type":"if","locations":[{"start":{"line":39,"column":4},"end":{"line":42,"column":5}}]},"2":{"loc":{"start":{"line":55,"column":4},"end":{"line":58,"column":5}},"type":"if","locations":[{"start":{"line":55,"column":4},"end":{"line":58,"column":5}}]},"3":{"loc":{"start":{"line":55,"column":8},"end":{"line":55,"column":38}},"type":"binary-expr","locations":[{"start":{"line":55,"column":8},"end":{"line":55,"column":15}},{"start":{"line":55,"column":19},"end":{"line":55,"column":38}}]}},"s":{"0":4,"1":4,"2":2,"3":2,"4":2,"5":2,"6":1,"7":1,"8":4,"9":4,"10":3,"11":3,"12":3,"13":2,"14":1,"15":1,"16":1,"17":1,"18":4,"19":4,"20":3,"21":3,"22":3,"23":2,"24":1,"25":1,"26":1,"27":1,"28":4,"29":4,"30":3,"31":3,"32":2,"33":1,"34":1,"35":1,"36":1,"37":4},"f":{"0":2,"1":3,"2":3,"3":3},"b":{"0":[1],"1":[1],"2":[1],"3":[2,2]}}
,"C:\\Users\\55159\\Desktop\\RaidersAcademy-backend\\src\\controllers\\curso.controller.ts": {"path":"C:\\Users\\55159\\Desktop\\RaidersAcademy-backend\\src\\controllers\\curso.controller.ts","statementMap":{"0":{"start":{"line":2,"column":0},"end":{"line":2,"column":47}},"1":{"start":{"line":4,"column":26},"end":{"line":15,"column":1}},"2":{"start":{"line":5,"column":2},"end":{"line":14,"column":3}},"3":{"start":{"line":6,"column":29},"end":{"line":6,"column":37}},"4":{"start":{"line":8,"column":22},"end":{"line":8,"column":49}},"5":{"start":{"line":9,"column":23},"end":{"line":9,"column":45}},"6":{"start":{"line":11,"column":4},"end":{"line":11,"column":37}},"7":{"start":{"line":13,"column":4},"end":{"line":13,"column":71}},"8":{"start":{"line":4,"column":13},"end":{"line":4,"column":26}},"9":{"start":{"line":17,"column":30},"end":{"line":38,"column":1}},"10":{"start":{"line":18,"column":2},"end":{"line":37,"column":3}},"11":{"start":{"line":19,"column":19},"end":{"line":19,"column":29}},"12":{"start":{"line":20,"column":29},"end":{"line":20,"column":37}},"13":{"start":{"line":23,"column":28},"end":{"line":27,"column":6}},"14":{"start":{"line":29,"column":4},"end":{"line":32,"column":5}},"15":{"start":{"line":30,"column":6},"end":{"line":30,"column":64}},"16":{"start":{"line":31,"column":6},"end":{"line":31,"column":13}},"17":{"start":{"line":34,"column":4},"end":{"line":34,"column":42}},"18":{"start":{"line":36,"column":4},"end":{"line":36,"column":75}},"19":{"start":{"line":17,"column":13},"end":{"line":17,"column":30}},"20":{"start":{"line":40,"column":28},"end":{"line":56,"column":1}},"21":{"start":{"line":41,"column":2},"end":{"line":55,"column":3}},"22":{"start":{"line":42,"column":19},"end":{"line":42,"column":29}},"23":{"start":{"line":45,"column":26},"end":{"line":45,"column":59}},"24":{"start":{"line":47,"column":4},"end":{"line":50,"column":5}},"25":{"start":{"line":48,"column":6},"end":{"line":48,"column":64}},"26":{"start":{"line":49,"column":6},"end":{"line":49,"column":13}},"27":{"start":{"line":52,"column":4},"end":{"line":52,"column":68}},"28":{"start":{"line":54,"column":4},"end":{"line":54,"column":73}},"29":{"start":{"line":40,"column":13},"end":{"line":40,"column":28}},"30":{"start":{"line":58,"column":28},"end":{"line":66,"column":1}},"31":{"start":{"line":59,"column":2},"end":{"line":65,"column":3}},"32":{"start":{"line":60,"column":19},"end":{"line":60,"column":37}},"33":{"start":{"line":62,"column":4},"end":{"line":62,"column":33}},"34":{"start":{"line":64,"column":4},"end":{"line":64,"column":73}},"35":{"start":{"line":58,"column":13},"end":{"line":58,"column":28}}},"fnMap":{"0":{"name":"(anonymous_0)","decl":{"start":{"line":4,"column":26},"end":{"line":4,"column":31}},"loc":{"start":{"line":4,"column":64},"end":{"line":15,"column":1}}},"1":{"name":"(anonymous_1)","decl":{"start":{"line":17,"column":30},"end":{"line":17,"column":35}},"loc":{"start":{"line":17,"column":84},"end":{"line":38,"column":1}}},"2":{"name":"(anonymous_2)","decl":{"start":{"line":40,"column":28},"end":{"line":40,"column":33}},"loc":{"start":{"line":40,"column":82},"end":{"line":56,"column":1}}},"3":{"name":"(anonymous_3)","decl":{"start":{"line":58,"column":28},"end":{"line":58,"column":33}},"loc":{"start":{"line":58,"column":66},"end":{"line":66,"column":1}}}},"branchMap":{"0":{"loc":{"start":{"line":29,"column":4},"end":{"line":32,"column":5}},"type":"if","locations":[{"start":{"line":29,"column":4},"end":{"line":32,"column":5}}]},"1":{"loc":{"start":{"line":47,"column":4},"end":{"line":50,"column":5}},"type":"if","locations":[{"start":{"line":47,"column":4},"end":{"line":50,"column":5}}]}},"s":{"0":4,"1":4,"2":2,"3":2,"4":2,"5":2,"6":1,"7":1,"8":4,"9":4,"10":3,"11":3,"12":3,"13":3,"14":2,"15":1,"16":1,"17":1,"18":1,"19":4,"20":4,"21":3,"22":3,"23":3,"24":2,"25":1,"26":1,"27":1,"28":1,"29":4,"30":4,"31":3,"32":3,"33":2,"34":1,"35":4},"f":{"0":2,"1":3,"2":3,"3":3},"b":{"0":[1],"1":[1]}}
,"C:\\Users\\55159\\Desktop\\RaidersAcademy-backend\\src\\controllers\\disciplinas.controller.ts": {"path":"C:\\Users\\55159\\Desktop\\RaidersAcademy-backend\\src\\controllers\\disciplinas.controller.ts","statementMap":{"0":{"start":{"line":2,"column":0},"end":{"line":2,"column":57}},"1":{"start":{"line":5,"column":31},"end":{"line":28,"column":1}},"2":{"start":{"line":6,"column":2},"end":{"line":27,"column":3}},"3":{"start":{"line":7,"column":28},"end":{"line":7,"column":36}},"4":{"start":{"line":10,"column":4},"end":{"line":13,"column":5}},"5":{"start":{"line":11,"column":6},"end":{"line":11,"column":73}},"6":{"start":{"line":12,"column":6},"end":{"line":12,"column":13}},"7":{"start":{"line":16,"column":27},"end":{"line":19,"column":6}},"8":{"start":{"line":22,"column":28},"end":{"line":22,"column":55}},"9":{"start":{"line":24,"column":4},"end":{"line":24,"column":42}},"10":{"start":{"line":26,"column":4},"end":{"line":26,"column":76}},"11":{"start":{"line":5,"column":13},"end":{"line":5,"column":31}},"12":{"start":{"line":31,"column":35},"end":{"line":58,"column":1}},"13":{"start":{"line":32,"column":2},"end":{"line":57,"column":3}},"14":{"start":{"line":33,"column":19},"end":{"line":33,"column":29}},"15":{"start":{"line":34,"column":28},"end":{"line":34,"column":36}},"16":{"start":{"line":37,"column":4},"end":{"line":40,"column":5}},"17":{"start":{"line":38,"column":6},"end":{"line":38,"column":95}},"18":{"start":{"line":39,"column":6},"end":{"line":39,"column":13}},"19":{"start":{"line":43,"column":33},"end":{"line":47,"column":6}},"20":{"start":{"line":49,"column":4},"end":{"line":52,"column":5}},"21":{"start":{"line":50,"column":6},"end":{"line":50,"column":69}},"22":{"start":{"line":51,"column":6},"end":{"line":51,"column":13}},"23":{"start":{"line":54,"column":4},"end":{"line":54,"column":47}},"24":{"start":{"line":56,"column":4},"end":{"line":56,"column":80}},"25":{"start":{"line":31,"column":13},"end":{"line":31,"column":35}},"26":{"start":{"line":61,"column":33},"end":{"line":77,"column":1}},"27":{"start":{"line":62,"column":2},"end":{"line":76,"column":3}},"28":{"start":{"line":63,"column":19},"end":{"line":63,"column":29}},"29":{"start":{"line":66,"column":31},"end":{"line":66,"column":69}},"30":{"start":{"line":68,"column":4},"end":{"line":71,"column":5}},"31":{"start":{"line":69,"column":6},"end":{"line":69,"column":69}},"32":{"start":{"line":70,"column":6},"end":{"line":70,"column":13}},"33":{"start":{"line":73,"column":4},"end":{"line":73,"column":73}},"34":{"start":{"line":75,"column":4},"end":{"line":75,"column":78}},"35":{"start":{"line":61,"column":13},"end":{"line":61,"column":33}},"36":{"start":{"line":80,"column":33},"end":{"line":88,"column":1}},"37":{"start":{"line":81,"column":2},"end":{"line":87,"column":3}},"38":{"start":{"line":82,"column":24},"end":{"line":82,"column":47}},"39":{"start":{"line":84,"column":4},"end":{"line":84,"column":38}},"40":{"start":{"line":86,"column":4},"end":{"line":86,"column":78}},"41":{"start":{"line":80,"column":13},"end":{"line":80,"column":33}}},"fnMap":{"0":{"name":"(anonymous_0)","decl":{"start":{"line":5,"column":31},"end":{"line":5,"column":36}},"loc":{"start":{"line":5,"column":84},"end":{"line":28,"column":1}}},"1":{"name":"(anonymous_1)","decl":{"start":{"line":31,"column":35},"end":{"line":31,"column":40}},"loc":{"start":{"line":31,"column":88},"end":{"line":58,"column":1}}},"2":{"name":"(anonymous_2)","decl":{"start":{"line":61,"column":33},"end":{"line":61,"column":38}},"loc":{"start":{"line":61,"column":86},"end":{"line":77,"column":1}}},"3":{"name":"(anonymous_3)","decl":{"start":{"line":80,"column":33},"end":{"line":80,"column":38}},"loc":{"start":{"line":80,"column":86},"end":{"line":88,"column":1}}}},"branchMap":{"0":{"loc":{"start":{"line":10,"column":4},"end":{"line":13,"column":5}},"type":"if","locations":[{"start":{"line":10,"column":4},"end":{"line":13,"column":5}}]},"1":{"loc":{"start":{"line":10,"column":8},"end":{"line":10,"column":23}},"type":"binary-expr","locations":[{"start":{"line":10,"column":8},"end":{"line":10,"column":13}},{"start":{"line":10,"column":17},"end":{"line":10,"column":23}}]},"2":{"loc":{"start":{"line":37,"column":4},"end":{"line":40,"column":5}},"type":"if","locations":[{"start":{"line":37,"column":4},"end":{"line":40,"column":5}}]},"3":{"loc":{"start":{"line":37,"column":8},"end":{"line":37,"column":23}},"type":"binary-expr","locations":[{"start":{"line":37,"column":8},"end":{"line":37,"column":13}},{"start":{"line":37,"column":17},"end":{"line":37,"column":23}}]},"4":{"loc":{"start":{"line":49,"column":4},"end":{"line":52,"column":5}},"type":"if","locations":[{"start":{"line":49,"column":4},"end":{"line":52,"column":5}}]},"5":{"loc":{"start":{"line":68,"column":4},"end":{"line":71,"column":5}},"type":"if","locations":[{"start":{"line":68,"column":4},"end":{"line":71,"column":5}}]}},"s":{"0":4,"1":4,"2":16,"3":16,"4":16,"5":2,"6":2,"7":14,"8":14,"9":10,"10":4,"11":4,"12":4,"13":4,"14":4,"15":4,"16":4,"17":1,"18":1,"19":3,"20":2,"21":1,"22":1,"23":1,"24":1,"25":4,"26":4,"27":3,"28":3,"29":3,"30":2,"31":1,"32":1,"33":1,"34":1,"35":4,"36":4,"37":2,"38":2,"39":1,"40":1,"41":4},"f":{"0":16,"1":4,"2":3,"3":2},"b":{"0":[2],"1":[16,15],"2":[1],"3":[4,1],"4":[1],"5":[1]}}
,"C:\\Users\\55159\\Desktop\\RaidersAcademy-backend\\src\\controllers\\perguntas.controller.ts": {"path":"C:\\Users\\55159\\Desktop\\RaidersAcademy-backend\\src\\controllers\\perguntas.controller.ts","statementMap":{"0":{"start":{"line":2,"column":0},"end":{"line":2,"column":54}},"1":{"start":{"line":11,"column":31},"end":{"line":37,"column":3}},"2":{"start":{"line":12,"column":4},"end":{"line":36,"column":5}},"3":{"start":{"line":13,"column":48},"end":{"line":13,"column":56}},"4":{"start":{"line":16,"column":6},"end":{"line":19,"column":7}},"5":{"start":{"line":17,"column":8},"end":{"line":17,"column":93}},"6":{"start":{"line":18,"column":8},"end":{"line":18,"column":15}},"7":{"start":{"line":22,"column":27},"end":{"line":27,"column":8}},"8":{"start":{"line":30,"column":28},"end":{"line":30,"column":53}},"9":{"start":{"line":33,"column":6},"end":{"line":33,"column":42}},"10":{"start":{"line":35,"column":6},"end":{"line":35,"column":78}},"11":{"start":{"line":11,"column":15},"end":{"line":11,"column":31}},"12":{"start":{"line":41,"column":44},"end":{"line":50,"column":1}},"13":{"start":{"line":42,"column":2},"end":{"line":49,"column":3}},"14":{"start":{"line":43,"column":29},"end":{"line":43,"column":39}},"15":{"start":{"line":45,"column":22},"end":{"line":45,"column":89}},"16":{"start":{"line":46,"column":4},"end":{"line":46,"column":36}},"17":{"start":{"line":48,"column":4},"end":{"line":48,"column":64}},"18":{"start":{"line":41,"column":13},"end":{"line":41,"column":44}},"19":{"start":{"line":53,"column":33},"end":{"line":74,"column":1}},"20":{"start":{"line":54,"column":2},"end":{"line":73,"column":3}},"21":{"start":{"line":55,"column":19},"end":{"line":55,"column":29}},"22":{"start":{"line":56,"column":46},"end":{"line":56,"column":54}},"23":{"start":{"line":59,"column":31},"end":{"line":63,"column":6}},"24":{"start":{"line":65,"column":4},"end":{"line":68,"column":5}},"25":{"start":{"line":66,"column":6},"end":{"line":66,"column":67}},"26":{"start":{"line":67,"column":6},"end":{"line":67,"column":13}},"27":{"start":{"line":70,"column":4},"end":{"line":70,"column":45}},"28":{"start":{"line":72,"column":4},"end":{"line":72,"column":80}},"29":{"start":{"line":53,"column":13},"end":{"line":53,"column":33}},"30":{"start":{"line":76,"column":31},"end":{"line":92,"column":1}},"31":{"start":{"line":77,"column":2},"end":{"line":91,"column":3}},"32":{"start":{"line":78,"column":19},"end":{"line":78,"column":29}},"33":{"start":{"line":81,"column":29},"end":{"line":81,"column":65}},"34":{"start":{"line":83,"column":4},"end":{"line":86,"column":5}},"35":{"start":{"line":84,"column":6},"end":{"line":84,"column":67}},"36":{"start":{"line":85,"column":6},"end":{"line":85,"column":13}},"37":{"start":{"line":88,"column":4},"end":{"line":88,"column":71}},"38":{"start":{"line":90,"column":4},"end":{"line":90,"column":78}},"39":{"start":{"line":76,"column":13},"end":{"line":76,"column":31}}},"fnMap":{"0":{"name":"(anonymous_0)","decl":{"start":{"line":11,"column":31},"end":{"line":11,"column":36}},"loc":{"start":{"line":11,"column":88},"end":{"line":37,"column":3}}},"1":{"name":"(anonymous_1)","decl":{"start":{"line":41,"column":44},"end":{"line":41,"column":49}},"loc":{"start":{"line":41,"column":82},"end":{"line":50,"column":1}}},"2":{"name":"(anonymous_2)","decl":{"start":{"line":53,"column":33},"end":{"line":53,"column":38}},"loc":{"start":{"line":53,"column":86},"end":{"line":74,"column":1}}},"3":{"name":"(anonymous_3)","decl":{"start":{"line":76,"column":31},"end":{"line":76,"column":36}},"loc":{"start":{"line":76,"column":84},"end":{"line":92,"column":1}}}},"branchMap":{"0":{"loc":{"start":{"line":16,"column":6},"end":{"line":19,"column":7}},"type":"if","locations":[{"start":{"line":16,"column":6},"end":{"line":19,"column":7}}]},"1":{"loc":{"start":{"line":16,"column":10},"end":{"line":16,"column":46}},"type":"binary-expr","locations":[{"start":{"line":16,"column":10},"end":{"line":16,"column":17}},{"start":{"line":16,"column":21},"end":{"line":16,"column":31}},{"start":{"line":16,"column":35},"end":{"line":16,"column":46}}]},"2":{"loc":{"start":{"line":65,"column":4},"end":{"line":68,"column":5}},"type":"if","locations":[{"start":{"line":65,"column":4},"end":{"line":68,"column":5}}]},"3":{"loc":{"start":{"line":83,"column":4},"end":{"line":86,"column":5}},"type":"if","locations":[{"start":{"line":83,"column":4},"end":{"line":86,"column":5}}]}},"s":{"0":4,"1":4,"2":5,"3":5,"4":5,"5":1,"6":1,"7":4,"8":4,"9":4,"10":0,"11":4,"12":4,"13":2,"14":2,"15":2,"16":1,"17":1,"18":4,"19":4,"20":2,"21":2,"22":2,"23":2,"24":2,"25":1,"26":1,"27":1,"28":0,"29":4,"30":4,"31":3,"32":3,"33":3,"34":2,"35":1,"36":1,"37":1,"38":1,"39":4},"f":{"0":5,"1":2,"2":2,"3":3},"b":{"0":[1],"1":[5,5,4],"2":[1],"3":[1]}}
,"C:\\Users\\55159\\Desktop\\RaidersAcademy-backend\\src\\controllers\\respostas.controller.ts": {"path":"C:\\Users\\55159\\Desktop\\RaidersAcademy-backend\\src\\controllers\\respostas.controller.ts","statementMap":{"0":{"start":{"line":2,"column":0},"end":{"line":2,"column":54}},"1":{"start":{"line":12,"column":29},"end":{"line":37,"column":1}},"2":{"start":{"line":13,"column":2},"end":{"line":36,"column":3}},"3":{"start":{"line":14,"column":36},"end":{"line":14,"column":44}},"4":{"start":{"line":17,"column":4},"end":{"line":20,"column":5}},"5":{"start":{"line":18,"column":6},"end":{"line":18,"column":81}},"6":{"start":{"line":19,"column":6},"end":{"line":19,"column":13}},"7":{"start":{"line":23,"column":25},"end":{"line":27,"column":6}},"8":{"start":{"line":30,"column":26},"end":{"line":30,"column":51}},"9":{"start":{"line":33,"column":4},"end":{"line":33,"column":40}},"10":{"start":{"line":35,"column":4},"end":{"line":35,"column":76}},"11":{"start":{"line":12,"column":13},"end":{"line":12,"column":29}},"12":{"start":{"line":40,"column":33},"end":{"line":67,"column":1}},"13":{"start":{"line":41,"column":2},"end":{"line":66,"column":3}},"14":{"start":{"line":42,"column":19},"end":{"line":42,"column":29}},"15":{"start":{"line":43,"column":26},"end":{"line":43,"column":34}},"16":{"start":{"line":46,"column":4},"end":{"line":49,"column":5}},"17":{"start":{"line":47,"column":6},"end":{"line":47,"column":84}},"18":{"start":{"line":48,"column":6},"end":{"line":48,"column":13}},"19":{"start":{"line":52,"column":31},"end":{"line":56,"column":6}},"20":{"start":{"line":58,"column":4},"end":{"line":61,"column":5}},"21":{"start":{"line":59,"column":6},"end":{"line":59,"column":67}},"22":{"start":{"line":60,"column":6},"end":{"line":60,"column":13}},"23":{"start":{"line":63,"column":4},"end":{"line":63,"column":45}},"24":{"start":{"line":65,"column":4},"end":{"line":65,"column":78}},"25":{"start":{"line":40,"column":13},"end":{"line":40,"column":33}},"26":{"start":{"line":70,"column":31},"end":{"line":86,"column":1}},"27":{"start":{"line":71,"column":2},"end":{"line":85,"column":3}},"28":{"start":{"line":72,"column":19},"end":{"line":72,"column":29}},"29":{"start":{"line":75,"column":29},"end":{"line":75,"column":65}},"30":{"start":{"line":77,"column":4},"end":{"line":80,"column":5}},"31":{"start":{"line":78,"column":6},"end":{"line":78,"column":67}},"32":{"start":{"line":79,"column":6},"end":{"line":79,"column":13}},"33":{"start":{"line":82,"column":4},"end":{"line":82,"column":71}},"34":{"start":{"line":84,"column":4},"end":{"line":84,"column":76}},"35":{"start":{"line":70,"column":13},"end":{"line":70,"column":31}},"36":{"start":{"line":89,"column":42},"end":{"line":100,"column":1}},"37":{"start":{"line":90,"column":2},"end":{"line":99,"column":3}},"38":{"start":{"line":91,"column":27},"end":{"line":91,"column":37}},"39":{"start":{"line":94,"column":22},"end":{"line":94,"column":85}},"40":{"start":{"line":96,"column":4},"end":{"line":96,"column":36}},"41":{"start":{"line":98,"column":4},"end":{"line":98,"column":76}},"42":{"start":{"line":89,"column":13},"end":{"line":89,"column":42}}},"fnMap":{"0":{"name":"(anonymous_0)","decl":{"start":{"line":12,"column":29},"end":{"line":12,"column":34}},"loc":{"start":{"line":12,"column":86},"end":{"line":37,"column":1}}},"1":{"name":"(anonymous_1)","decl":{"start":{"line":40,"column":33},"end":{"line":40,"column":38}},"loc":{"start":{"line":40,"column":90},"end":{"line":67,"column":1}}},"2":{"name":"(anonymous_2)","decl":{"start":{"line":70,"column":31},"end":{"line":70,"column":36}},"loc":{"start":{"line":70,"column":88},"end":{"line":86,"column":1}}},"3":{"name":"(anonymous_3)","decl":{"start":{"line":89,"column":42},"end":{"line":89,"column":47}},"loc":{"start":{"line":89,"column":95},"end":{"line":100,"column":1}}}},"branchMap":{"0":{"loc":{"start":{"line":17,"column":4},"end":{"line":20,"column":5}},"type":"if","locations":[{"start":{"line":17,"column":4},"end":{"line":20,"column":5}}]},"1":{"loc":{"start":{"line":17,"column":8},"end":{"line":17,"column":31}},"type":"binary-expr","locations":[{"start":{"line":17,"column":8},"end":{"line":17,"column":18}},{"start":{"line":17,"column":22},"end":{"line":17,"column":31}}]},"2":{"loc":{"start":{"line":46,"column":4},"end":{"line":49,"column":5}},"type":"if","locations":[{"start":{"line":46,"column":4},"end":{"line":49,"column":5}}]},"3":{"loc":{"start":{"line":58,"column":4},"end":{"line":61,"column":5}},"type":"if","locations":[{"start":{"line":58,"column":4},"end":{"line":61,"column":5}}]},"4":{"loc":{"start":{"line":77,"column":4},"end":{"line":80,"column":5}},"type":"if","locations":[{"start":{"line":77,"column":4},"end":{"line":80,"column":5}}]}},"s":{"0":4,"1":4,"2":2,"3":2,"4":2,"5":1,"6":1,"7":1,"8":1,"9":1,"10":0,"11":4,"12":4,"13":3,"14":3,"15":3,"16":3,"17":1,"18":1,"19":2,"20":2,"21":1,"22":1,"23":1,"24":0,"25":4,"26":4,"27":2,"28":2,"29":2,"30":2,"31":1,"32":1,"33":1,"34":0,"35":4,"36":4,"37":3,"38":3,"39":3,"40":2,"41":1,"42":4},"f":{"0":2,"1":3,"2":2,"3":3},"b":{"0":[1],"1":[2,2],"2":[1],"3":[1],"4":[1]}}
,"C:\\Users\\55159\\Desktop\\RaidersAcademy-backend\\src\\controllers\\user.controller.ts": {"path":"C:\\Users\\55159\\Desktop\\RaidersAcademy-backend\\src\\controllers\\user.controller.ts","statementMap":{"0":{"start":{"line":2,"column":0},"end":{"line":2,"column":47}},"1":{"start":{"line":3,"column":0},"end":{"line":3,"column":30}},"2":{"start":{"line":4,"column":0},"end":{"line":4,"column":31}},"3":{"start":{"line":5,"column":0},"end":{"line":5,"column":32}},"4":{"start":{"line":7,"column":19},"end":{"line":7,"column":61}},"5":{"start":{"line":18,"column":28},"end":{"line":67,"column":1}},"6":{"start":{"line":22,"column":51},"end":{"line":22,"column":59}},"7":{"start":{"line":24,"column":2},"end":{"line":66,"column":3}},"8":{"start":{"line":26,"column":25},"end":{"line":26,"column":57}},"9":{"start":{"line":27,"column":4},"end":{"line":30,"column":5}},"10":{"start":{"line":28,"column":6},"end":{"line":28,"column":77}},"11":{"start":{"line":29,"column":6},"end":{"line":29,"column":13}},"12":{"start":{"line":33,"column":27},"end":{"line":33,"column":55}},"13":{"start":{"line":37,"column":6},"end":{"line":37,"column":75}},"14":{"start":{"line":39,"column":6},"end":{"line":43,"column":19}},"15":{"start":{"line":41,"column":28},"end":{"line":41,"column":59}},"16":{"start":{"line":46,"column":24},"end":{"line":54,"column":6}},"17":{"start":{"line":57,"column":25},"end":{"line":57,"column":49}},"18":{"start":{"line":59,"column":4},"end":{"line":63,"column":7}},"19":{"start":{"line":65,"column":4},"end":{"line":65,"column":79}},"20":{"start":{"line":18,"column":13},"end":{"line":18,"column":28}},"21":{"start":{"line":70,"column":25},"end":{"line":99,"column":1}},"22":{"start":{"line":71,"column":27},"end":{"line":71,"column":35}},"23":{"start":{"line":73,"column":2},"end":{"line":98,"column":3}},"24":{"start":{"line":75,"column":20},"end":{"line":75,"column":52}},"25":{"start":{"line":76,"column":4},"end":{"line":79,"column":5}},"26":{"start":{"line":77,"column":6},"end":{"line":77,"column":69}},"27":{"start":{"line":78,"column":6},"end":{"line":78,"column":13}},"28":{"start":{"line":82,"column":20},"end":{"line":82,"column":62}},"29":{"start":{"line":83,"column":4},"end":{"line":86,"column":5}},"30":{"start":{"line":84,"column":6},"end":{"line":84,"column":69}},"31":{"start":{"line":85,"column":6},"end":{"line":85,"column":13}},"32":{"start":{"line":89,"column":18},"end":{"line":92,"column":null}},"33":{"start":{"line":95,"column":4},"end":{"line":95,"column":24}},"34":{"start":{"line":97,"column":4},"end":{"line":97,"column":65}},"35":{"start":{"line":70,"column":13},"end":{"line":70,"column":25}},"36":{"start":{"line":102,"column":26},"end":{"line":147,"column":1}},"37":{"start":{"line":106,"column":2},"end":{"line":146,"column":3}},"38":{"start":{"line":107,"column":25},"end":{"line":107,"column":62}},"39":{"start":{"line":108,"column":4},"end":{"line":111,"column":5}},"40":{"start":{"line":109,"column":6},"end":{"line":109,"column":66}},"41":{"start":{"line":110,"column":6},"end":{"line":110,"column":13}},"42":{"start":{"line":112,"column":4},"end":{"line":117,"column":5}},"43":{"start":{"line":113,"column":6},"end":{"line":115,"column":9}},"44":{"start":{"line":116,"column":6},"end":{"line":116,"column":13}},"45":{"start":{"line":121,"column":6},"end":{"line":123,"column":19}},"46":{"start":{"line":125,"column":6},"end":{"line":129,"column":19}},"47":{"start":{"line":127,"column":28},"end":{"line":127,"column":59}},"48":{"start":{"line":131,"column":24},"end":{"line":138,"column":null}},"49":{"start":{"line":141,"column":4},"end":{"line":143,"column":79}},"50":{"start":{"line":145,"column":4},"end":{"line":145,"column":79}},"51":{"start":{"line":102,"column":13},"end":{"line":102,"column":26}},"52":{"start":{"line":150,"column":26},"end":{"line":174,"column":1}},"53":{"start":{"line":155,"column":16},"end":{"line":155,"column":56}},"54":{"start":{"line":157,"column":2},"end":{"line":160,"column":3}},"55":{"start":{"line":158,"column":4},"end":{"line":158,"column":63}},"56":{"start":{"line":159,"column":4},"end":{"line":159,"column":11}},"57":{"start":{"line":162,"column":2},"end":{"line":173,"column":5}},"58":{"start":{"line":163,"column":4},"end":{"line":165,"column":5}},"59":{"start":{"line":164,"column":6},"end":{"line":164,"column":65}},"60":{"start":{"line":167,"column":4},"end":{"line":171,"column":6}},"61":{"start":{"line":172,"column":4},"end":{"line":172,"column":11}},"62":{"start":{"line":248,"column":9},"end":{"line":248,"column":26}},"63":{"start":{"line":177,"column":26},"end":{"line":203,"column":1}},"64":{"start":{"line":181,"column":2},"end":{"line":202,"column":3}},"65":{"start":{"line":183,"column":24},"end":{"line":183,"column":70}},"66":{"start":{"line":185,"column":4},"end":{"line":188,"column":5}},"67":{"start":{"line":186,"column":6},"end":{"line":186,"column":66}},"68":{"start":{"line":187,"column":6},"end":{"line":187,"column":13}},"69":{"start":{"line":190,"column":4},"end":{"line":195,"column":5}},"70":{"start":{"line":191,"column":6},"end":{"line":193,"column":79}},"71":{"start":{"line":194,"column":6},"end":{"line":194,"column":13}},"72":{"start":{"line":199,"column":4},"end":{"line":199,"column":71}},"73":{"start":{"line":201,"column":4},"end":{"line":201,"column":74}},"74":{"start":{"line":177,"column":13},"end":{"line":177,"column":26}},"75":{"start":{"line":206,"column":23},"end":{"line":225,"column":1}},"76":{"start":{"line":207,"column":2},"end":{"line":224,"column":3}},"77":{"start":{"line":208,"column":17},"end":{"line":208,"column":54}},"78":{"start":{"line":209,"column":4},"end":{"line":212,"column":5}},"79":{"start":{"line":210,"column":6},"end":{"line":210,"column":66}},"80":{"start":{"line":211,"column":6},"end":{"line":211,"column":13}},"81":{"start":{"line":214,"column":4},"end":{"line":219,"column":5}},"82":{"start":{"line":215,"column":6},"end":{"line":217,"column":9}},"83":{"start":{"line":218,"column":6},"end":{"line":218,"column":13}},"84":{"start":{"line":221,"column":4},"end":{"line":221,"column":31}},"85":{"start":{"line":223,"column":4},"end":{"line":223,"column":77}},"86":{"start":{"line":206,"column":13},"end":{"line":206,"column":23}},"87":{"start":{"line":229,"column":32},"end":{"line":246,"column":1}},"88":{"start":{"line":233,"column":2},"end":{"line":245,"column":3}},"89":{"start":{"line":234,"column":17},"end":{"line":234,"column":69}},"90":{"start":{"line":235,"column":4},"end":{"line":238,"column":5}},"91":{"start":{"line":236,"column":6},"end":{"line":236,"column":66}},"92":{"start":{"line":237,"column":6},"end":{"line":237,"column":13}},"93":{"start":{"line":240,"column":4},"end":{"line":240,"column":19}},"94":{"start":{"line":242,"column":4},"end":{"line":244,"column":62}},"95":{"start":{"line":229,"column":13},"end":{"line":229,"column":32}}},"fnMap":{"0":{"name":"(anonymous_1)","decl":{"start":{"line":18,"column":28},"end":{"line":18,"column":33}},"loc":{"start":{"line":21,"column":19},"end":{"line":67,"column":1}}},"1":{"name":"(anonymous_2)","decl":{"start":{"line":41,"column":12},"end":{"line":41,"column":13}},"loc":{"start":{"line":41,"column":28},"end":{"line":41,"column":59}}},"2":{"name":"(anonymous_3)","decl":{"start":{"line":70,"column":25},"end":{"line":70,"column":30}},"loc":{"start":{"line":70,"column":78},"end":{"line":99,"column":1}}},"3":{"name":"(anonymous_4)","decl":{"start":{"line":102,"column":26},"end":{"line":102,"column":31}},"loc":{"start":{"line":105,"column":19},"end":{"line":147,"column":1}}},"4":{"name":"(anonymous_5)","decl":{"start":{"line":127,"column":12},"end":{"line":127,"column":13}},"loc":{"start":{"line":127,"column":28},"end":{"line":127,"column":59}}},"5":{"name":"(anonymous_6)","decl":{"start":{"line":150,"column":26},"end":{"line":150,"column":null}},"loc":{"start":{"line":154,"column":10},"end":{"line":174,"column":1}}},"6":{"name":"(anonymous_7)","decl":{"start":{"line":162,"column":32},"end":{"line":162,"column":33}},"loc":{"start":{"line":162,"column":46},"end":{"line":173,"column":3}}},"7":{"name":"(anonymous_8)","decl":{"start":{"line":177,"column":26},"end":{"line":177,"column":31}},"loc":{"start":{"line":180,"column":19},"end":{"line":203,"column":1}}},"8":{"name":"(anonymous_9)","decl":{"start":{"line":206,"column":23},"end":{"line":206,"column":28}},"loc":{"start":{"line":206,"column":80},"end":{"line":225,"column":1}}},"9":{"name":"(anonymous_10)","decl":{"start":{"line":229,"column":32},"end":{"line":229,"column":37}},"loc":{"start":{"line":232,"column":19},"end":{"line":246,"column":1}}}},"branchMap":{"0":{"loc":{"start":{"line":7,"column":19},"end":{"line":7,"column":61}},"type":"binary-expr","locations":[{"start":{"line":7,"column":19},"end":{"line":7,"column":41}},{"start":{"line":7,"column":45},"end":{"line":7,"column":61}}]},"1":{"loc":{"start":{"line":27,"column":4},"end":{"line":30,"column":5}},"type":"if","locations":[{"start":{"line":27,"column":4},"end":{"line":30,"column":5}}]},"2":{"loc":{"start":{"line":37,"column":6},"end":{"line":37,"column":75}},"type":"cond-expr","locations":[{"start":{"line":37,"column":34},"end":{"line":37,"column":68}},{"start":{"line":37,"column":71},"end":{"line":37,"column":75}}]},"3":{"loc":{"start":{"line":37,"column":6},"end":{"line":37,"column":31}},"type":"binary-expr","locations":[{"start":{"line":37,"column":6},"end":{"line":37,"column":22}},{"start":{"line":37,"column":26},"end":{"line":37,"column":31}}]},"4":{"loc":{"start":{"line":39,"column":6},"end":{"line":43,"column":19}},"type":"cond-expr","locations":[{"start":{"line":40,"column":10},"end":{"line":41,"column":null}},{"start":{"line":43,"column":10},"end":{"line":43,"column":19}}]},"5":{"loc":{"start":{"line":39,"column":6},"end":{"line":39,"column":56}},"type":"binary-expr","locations":[{"start":{"line":39,"column":6},"end":{"line":39,"column":26}},{"start":{"line":39,"column":30},"end":{"line":39,"column":56}}]},"6":{"loc":{"start":{"line":76,"column":4},"end":{"line":79,"column":5}},"type":"if","locations":[{"start":{"line":76,"column":4},"end":{"line":79,"column":5}}]},"7":{"loc":{"start":{"line":83,"column":4},"end":{"line":86,"column":5}},"type":"if","locations":[{"start":{"line":83,"column":4},"end":{"line":86,"column":5}}]},"8":{"loc":{"start":{"line":108,"column":4},"end":{"line":111,"column":5}},"type":"if","locations":[{"start":{"line":108,"column":4},"end":{"line":111,"column":5}}]},"9":{"loc":{"start":{"line":112,"column":4},"end":{"line":117,"column":5}},"type":"if","locations":[{"start":{"line":112,"column":4},"end":{"line":117,"column":5}}]},"10":{"loc":{"start":{"line":121,"column":6},"end":{"line":123,"column":19}},"type":"cond-expr","locations":[{"start":{"line":122,"column":10},"end":{"line":122,"column":53}},{"start":{"line":123,"column":10},"end":{"line":123,"column":19}}]},"11":{"loc":{"start":{"line":121,"column":6},"end":{"line":121,"column":49}},"type":"binary-expr","locations":[{"start":{"line":121,"column":6},"end":{"line":121,"column":31}},{"start":{"line":121,"column":35},"end":{"line":121,"column":49}}]},"12":{"loc":{"start":{"line":125,"column":6},"end":{"line":129,"column":19}},"type":"cond-expr","locations":[{"start":{"line":126,"column":10},"end":{"line":127,"column":null}},{"start":{"line":129,"column":10},"end":{"line":129,"column":19}}]},"13":{"loc":{"start":{"line":125,"column":6},"end":{"line":125,"column":65}},"type":"binary-expr","locations":[{"start":{"line":125,"column":6},"end":{"line":125,"column":35}},{"start":{"line":125,"column":39},"end":{"line":125,"column":65}}]},"14":{"loc":{"start":{"line":157,"column":2},"end":{"line":160,"column":3}},"type":"if","locations":[{"start":{"line":157,"column":2},"end":{"line":160,"column":3}}]},"15":{"loc":{"start":{"line":163,"column":4},"end":{"line":165,"column":5}},"type":"if","locations":[{"start":{"line":163,"column":4},"end":{"line":165,"column":5}}]},"16":{"loc":{"start":{"line":185,"column":4},"end":{"line":188,"column":5}},"type":"if","locations":[{"start":{"line":185,"column":4},"end":{"line":188,"column":5}}]},"17":{"loc":{"start":{"line":190,"column":4},"end":{"line":195,"column":5}},"type":"if","locations":[{"start":{"line":190,"column":4},"end":{"line":195,"column":5}}]},"18":{"loc":{"start":{"line":209,"column":4},"end":{"line":212,"column":5}},"type":"if","locations":[{"start":{"line":209,"column":4},"end":{"line":212,"column":5}}]},"19":{"loc":{"start":{"line":214,"column":4},"end":{"line":219,"column":5}},"type":"if","locations":[{"start":{"line":214,"column":4},"end":{"line":219,"column":5}}]},"20":{"loc":{"start":{"line":235,"column":4},"end":{"line":238,"column":5}},"type":"if","locations":[{"start":{"line":235,"column":4},"end":{"line":238,"column":5}}]}},"s":{"0":4,"1":4,"2":4,"3":4,"4":4,"5":4,"6":3,"7":3,"8":3,"9":3,"10":1,"11":1,"12":2,"13":1,"14":1,"15":0,"16":1,"17":1,"18":1,"19":1,"20":4,"21":4,"22":24,"23":24,"24":24,"25":23,"26":1,"27":1,"28":22,"29":22,"30":1,"31":1,"32":21,"33":21,"34":1,"35":4,"36":4,"37":4,"38":4,"39":4,"40":1,"41":1,"42":3,"43":1,"44":1,"45":2,"46":1,"47":0,"48":1,"49":1,"50":1,"51":4,"52":4,"53":33,"54":33,"55":4,"56":4,"57":29,"58":29,"59":0,"60":29,"61":29,"62":4,"63":4,"64":4,"65":4,"66":3,"67":1,"68":1,"69":2,"70":1,"71":1,"72":1,"73":1,"74":4,"75":4,"76":4,"77":4,"78":3,"79":1,"80":1,"81":2,"82":1,"83":1,"84":1,"85":1,"86":4,"87":4,"88":3,"89":3,"90":2,"91":1,"92":1,"93":1,"94":1,"95":4},"f":{"0":3,"1":0,"2":24,"3":4,"4":0,"5":33,"6":29,"7":4,"8":4,"9":3},"b":{"0":[4,4],"1":[1],"2":[1,0],"3":[1,1],"4":[0,1],"5":[1,0],"6":[1],"7":[1],"8":[1],"9":[1],"10":[1,1],"11":[2,1],"12":[0,1],"13":[1,0],"14":[4],"15":[0],"16":[1],"17":[1],"18":[1],"19":[1],"20":[1]}}
,"C:\\Users\\55159\\Desktop\\RaidersAcademy-backend\\src\\helpers\\autenticarAdmin.ts": {"path":"C:\\Users\\55159\\Desktop\\RaidersAcademy-backend\\src\\helpers\\autenticarAdmin.ts","statementMap":{"0":{"start":{"line":2,"column":0},"end":{"line":2,"column":31}},"1":{"start":{"line":3,"column":0},"end":{"line":3,"column":57}},"2":{"start":{"line":5,"column":19},"end":{"line":5,"column":61}},"3":{"start":{"line":12,"column":31},"end":{"line":42,"column":1}},"4":{"start":{"line":17,"column":16},"end":{"line":17,"column":56}},"5":{"start":{"line":19,"column":2},"end":{"line":22,"column":3}},"6":{"start":{"line":20,"column":4},"end":{"line":20,"column":63}},"7":{"start":{"line":21,"column":4},"end":{"line":21,"column":11}},"8":{"start":{"line":24,"column":2},"end":{"line":41,"column":3}},"9":{"start":{"line":25,"column":25},"end":{"line":25,"column":90}},"10":{"start":{"line":26,"column":17},"end":{"line":26,"column":56}},"11":{"start":{"line":28,"column":4},"end":{"line":31,"column":5}},"12":{"start":{"line":29,"column":6},"end":{"line":29,"column":91}},"13":{"start":{"line":30,"column":6},"end":{"line":30,"column":13}},"14":{"start":{"line":34,"column":4},"end":{"line":34,"column":20}},"15":{"start":{"line":37,"column":4},"end":{"line":37,"column":11}},"16":{"start":{"line":39,"column":4},"end":{"line":39,"column":56}},"17":{"start":{"line":40,"column":4},"end":{"line":40,"column":11}},"18":{"start":{"line":12,"column":13},"end":{"line":12,"column":31}}},"fnMap":{"0":{"name":"(anonymous_1)","decl":{"start":{"line":12,"column":31},"end":{"line":12,"column":36}},"loc":{"start":{"line":16,"column":19},"end":{"line":42,"column":1}}}},"branchMap":{"0":{"loc":{"start":{"line":5,"column":19},"end":{"line":5,"column":61}},"type":"binary-expr","locations":[{"start":{"line":5,"column":19},"end":{"line":5,"column":41}},{"start":{"line":5,"column":45},"end":{"line":5,"column":61}}]},"1":{"loc":{"start":{"line":19,"column":2},"end":{"line":22,"column":3}},"type":"if","locations":[{"start":{"line":19,"column":2},"end":{"line":22,"column":3}}]},"2":{"loc":{"start":{"line":28,"column":4},"end":{"line":31,"column":5}},"type":"if","locations":[{"start":{"line":28,"column":4},"end":{"line":31,"column":5}}]},"3":{"loc":{"start":{"line":28,"column":8},"end":{"line":28,"column":30}},"type":"binary-expr","locations":[{"start":{"line":28,"column":8},"end":{"line":28,"column":13}},{"start":{"line":28,"column":17},"end":{"line":28,"column":30}}]}},"s":{"0":4,"1":4,"2":4,"3":4,"4":47,"5":47,"6":3,"7":3,"8":44,"9":44,"10":43,"11":43,"12":0,"13":0,"14":43,"15":43,"16":1,"17":1,"18":4},"f":{"0":47},"b":{"0":[4,4],"1":[3],"2":[0],"3":[43,43]}}
,"C:\\Users\\55159\\Desktop\\RaidersAcademy-backend\\src\\helpers\\database.ts": {"path":"C:\\Users\\55159\\Desktop\\RaidersAcademy-backend\\src\\helpers\\database.ts","statementMap":{"0":{"start":{"line":1,"column":0},"end":{"line":1,"column":32}},"1":{"start":{"line":3,"column":33},"end":{"line":22,"column":3}},"2":{"start":{"line":4,"column":4},"end":{"line":7,"column":5}},"3":{"start":{"line":5,"column":6},"end":{"line":5,"column":70}},"4":{"start":{"line":6,"column":6},"end":{"line":6,"column":13}},"5":{"start":{"line":9,"column":21},"end":{"line":9,"column":64}},"6":{"start":{"line":11,"column":4},"end":{"line":13,"column":5}},"7":{"start":{"line":12,"column":6},"end":{"line":12,"column":80}},"8":{"start":{"line":15,"column":4},"end":{"line":21,"column":5}},"9":{"start":{"line":16,"column":6},"end":{"line":16,"column":39}},"10":{"start":{"line":17,"column":6},"end":{"line":17,"column":52}},"11":{"start":{"line":19,"column":6},"end":{"line":19,"column":95}},"12":{"start":{"line":20,"column":6},"end":{"line":20,"column":16}},"13":{"start":{"line":3,"column":13},"end":{"line":3,"column":33}}},"fnMap":{"0":{"name":"(anonymous_1)","decl":{"start":{"line":3,"column":33},"end":{"line":3,"column":38}},"loc":{"start":{"line":3,"column":44},"end":{"line":22,"column":3}}}},"branchMap":{"0":{"loc":{"start":{"line":4,"column":4},"end":{"line":7,"column":5}},"type":"if","locations":[{"start":{"line":4,"column":4},"end":{"line":7,"column":5}}]},"1":{"loc":{"start":{"line":11,"column":4},"end":{"line":13,"column":5}},"type":"if","locations":[{"start":{"line":11,"column":4},"end":{"line":13,"column":5}}]},"2":{"loc":{"start":{"line":19,"column":53},"end":{"line":19,"column":93}},"type":"cond-expr","locations":[{"start":{"line":19,"column":76},"end":{"line":19,"column":87}},{"start":{"line":19,"column":90},"end":{"line":19,"column":93}}]}},"s":{"0":4,"1":4,"2":4,"3":4,"4":4,"5":0,"6":0,"7":0,"8":0,"9":0,"10":0,"11":0,"12":0,"13":4},"f":{"0":4},"b":{"0":[4],"1":[0],"2":[0,0]}}
,"C:\\Users\\55159\\Desktop\\RaidersAcademy-backend\\src\\helpers\\swagger.ts": {"path":"C:\\Users\\55159\\Desktop\\RaidersAcademy-backend\\src\\helpers\\swagger.ts","statementMap":{"0":{"start":{"line":1,"column":0},"end":{"line":1,"column":41}},"1":{"start":{"line":2,"column":0},"end":{"line":2,"column":43}},"2":{"start":{"line":6,"column":23},"end":{"line":21,"column":2}},"3":{"start":{"line":23,"column":20},"end":{"line":23,"column":48}},"4":{"start":{"line":25,"column":28},"end":{"line":28,"column":1}},"5":{"start":{"line":26,"column":2},"end":{"line":26,"column":66}},"6":{"start":{"line":27,"column":2},"end":{"line":27,"column":45}},"7":{"start":{"line":25,"column":13},"end":{"line":25,"column":28}}},"fnMap":{"0":{"name":"(anonymous_1)","decl":{"start":{"line":25,"column":28},"end":{"line":25,"column":29}},"loc":{"start":{"line":25,"column":51},"end":{"line":28,"column":1}}}},"branchMap":{},"s":{"0":4,"1":4,"2":4,"3":4,"4":4,"5":4,"6":4,"7":4},"f":{"0":4},"b":{}}
,"C:\\Users\\55159\\Desktop\\RaidersAcademy-backend\\src\\models\\campus.models.ts": {"path":"C:\\Users\\55159\\Desktop\\RaidersAcademy-backend\\src\\models\\campus.models.ts","statementMap":{"0":{"start":{"line":1,"column":0},"end":{"line":1,"column":54}},"1":{"start":{"line":8,"column":29},"end":{"line":11,"column":2}},"2":{"start":{"line":13,"column":13},"end":{"line":13,"column":70}}},"fnMap":{},"branchMap":{},"s":{"0":4,"1":4,"2":4},"f":{},"b":{}}
,"C:\\Users\\55159\\Desktop\\RaidersAcademy-backend\\src\\models\\curso.models.ts": {"path":"C:\\Users\\55159\\Desktop\\RaidersAcademy-backend\\src\\models\\curso.models.ts","statementMap":{"0":{"start":{"line":1,"column":0},"end":{"line":1,"column":54}},"1":{"start":{"line":8,"column":28},"end":{"line":11,"column":2}},"2":{"start":{"line":13,"column":13},"end":{"line":13,"column":66}}},"fnMap":{},"branchMap":{},"s":{"0":4,"1":4,"2":4},"f":{},"b":{}}
,"C:\\Users\\55159\\Desktop\\RaidersAcademy-backend\\src\\models\\disciplina.models.ts": {"path":"C:\\Users\\55159\\Desktop\\RaidersAcademy-backend\\src\\models\\disciplina.models.ts","statementMap":{"0":{"start":{"line":1,"column":0},"end":{"line":1,"column":54}},"1":{"start":{"line":8,"column":33},"end":{"line":11,"column":2}},"2":{"start":{"line":13,"column":13},"end":{"line":13,"column":86}}},"fnMap":{},"branchMap":{},"s":{"0":4,"1":4,"2":4},"f":{},"b":{}}
,"C:\\Users\\55159\\Desktop\\RaidersAcademy-backend\\src\\models\\perguntas.models.ts": {"path":"C:\\Users\\55159\\Desktop\\RaidersAcademy-backend\\src\\models\\perguntas.models.ts","statementMap":{"0":{"start":{"line":1,"column":0},"end":{"line":1,"column":54}},"1":{"start":{"line":10,"column":23},"end":{"line":15,"column":2}},"2":{"start":{"line":17,"column":13},"end":{"line":17,"column":78}}},"fnMap":{},"branchMap":{},"s":{"0":4,"1":4,"2":4},"f":{},"b":{}}
,"C:\\Users\\55159\\Desktop\\RaidersAcademy-backend\\src\\models\\respostas.models.ts": {"path":"C:\\Users\\55159\\Desktop\\RaidersAcademy-backend\\src\\models\\respostas.models.ts","statementMap":{"0":{"start":{"line":1,"column":0},"end":{"line":1,"column":54}},"1":{"start":{"line":9,"column":23},"end":{"line":13,"column":2}},"2":{"start":{"line":15,"column":13},"end":{"line":15,"column":78}}},"fnMap":{},"branchMap":{},"s":{"0":4,"1":4,"2":4},"f":{},"b":{}}
,"C:\\Users\\55159\\Desktop\\RaidersAcademy-backend\\src\\models\\user.model.ts": {"path":"C:\\Users\\55159\\Desktop\\RaidersAcademy-backend\\src\\models\\user.model.ts","statementMap":{"0":{"start":{"line":1,"column":0},"end":{"line":1,"column":54}},"1":{"start":{"line":17,"column":30},"end":{"line":38,"column":2}},"2":{"start":{"line":30,"column":43},"end":{"line":30,"column":72}},"3":{"start":{"line":35,"column":43},"end":{"line":35,"column":76}},"4":{"start":{"line":41,"column":13},"end":{"line":41,"column":74}}},"fnMap":{"0":{"name":"(anonymous_6)","decl":{"start":{"line":30,"column":15},"end":{"line":30,"column":43}},"loc":{"start":{"line":30,"column":15},"end":{"line":30,"column":74}}},"1":{"name":"(anonymous_7)","decl":{"start":{"line":35,"column":15},"end":{"line":35,"column":43}},"loc":{"start":{"line":35,"column":15},"end":{"line":35,"column":78}}}},"branchMap":{},"s":{"0":4,"1":4,"2":96,"3":96,"4":4},"f":{"0":96,"1":96},"b":{}}
,"C:\\Users\\55159\\Desktop\\RaidersAcademy-backend\\src\\routes\\admin.routes.ts": {"path":"C:\\Users\\55159\\Desktop\\RaidersAcademy-backend\\src\\routes\\admin.routes.ts","statementMap":{"0":{"start":{"line":1,"column":0},"end":{"line":1,"column":30}},"1":{"start":{"line":2,"column":0},"end":{"line":2,"column":76}},"2":{"start":{"line":3,"column":0},"end":{"line":3,"column":61}},"3":{"start":{"line":4,"column":0},"end":{"line":4,"column":109}},"4":{"start":{"line":5,"column":0},"end":{"line":5,"column":105}},"5":{"start":{"line":6,"column":0},"end":{"line":6,"column":131}},"6":{"start":{"line":8,"column":15},"end":{"line":8,"column":31}},"7":{"start":{"line":85,"column":0},"end":{"line":85,"column":63}},"8":{"start":{"line":152,"column":0},"end":{"line":152,"column":51}},"9":{"start":{"line":211,"column":0},"end":{"line":211,"column":40}},"10":{"start":{"line":266,"column":0},"end":{"line":266,"column":53}},"11":{"start":{"line":334,"column":0},"end":{"line":334,"column":60}},"12":{"start":{"line":383,"column":0},"end":{"line":383,"column":61}},"13":{"start":{"line":438,"column":0},"end":{"line":438,"column":51}},"14":{"start":{"line":506,"column":0},"end":{"line":506,"column":58}},"15":{"start":{"line":555,"column":0},"end":{"line":555,"column":59}},"16":{"start":{"line":620,"column":0},"end":{"line":620,"column":61}},"17":{"start":{"line":698,"column":0},"end":{"line":698,"column":68}},"18":{"start":{"line":747,"column":0},"end":{"line":747,"column":69}},"19":{"start":{"line":795,"column":0},"end":{"line":795,"column":36}},"20":{"start":{"line":833,"column":0},"end":{"line":833,"column":35}},"21":{"start":{"line":871,"column":0},"end":{"line":871,"column":45}},"22":{"start":{"line":873,"column":0},"end":{"line":873,"column":22}}},"fnMap":{},"branchMap":{},"s":{"0":4,"1":4,"2":4,"3":4,"4":4,"5":4,"6":4,"7":4,"8":4,"9":4,"10":4,"11":4,"12":4,"13":4,"14":4,"15":4,"16":4,"17":4,"18":4,"19":4,"20":4,"21":4,"22":4},"f":{},"b":{}}
,"C:\\Users\\55159\\Desktop\\RaidersAcademy-backend\\src\\routes\\perguntas.routes.ts": {"path":"C:\\Users\\55159\\Desktop\\RaidersAcademy-backend\\src\\routes\\perguntas.routes.ts","statementMap":{"0":{"start":{"line":1,"column":0},"end":{"line":1,"column":30}},"1":{"start":{"line":2,"column":0},"end":{"line":2,"column":null}},"2":{"start":{"line":8,"column":0},"end":{"line":8,"column":67}},"3":{"start":{"line":10,"column":15},"end":{"line":10,"column":31}},"4":{"start":{"line":42,"column":0},"end":{"line":42,"column":60}},"5":{"start":{"line":80,"column":0},"end":{"line":80,"column":67}},"6":{"start":{"line":105,"column":0},"end":{"line":105,"column":68}},"7":{"start":{"line":148,"column":0},"end":{"line":148,"column":69}},"8":{"start":{"line":150,"column":0},"end":{"line":150,"column":22}}},"fnMap":{},"branchMap":{},"s":{"0":4,"1":4,"2":4,"3":4,"4":4,"5":4,"6":4,"7":4,"8":4},"f":{},"b":{}}
,"C:\\Users\\55159\\Desktop\\RaidersAcademy-backend\\src\\routes\\respostas.routes.ts": {"path":"C:\\Users\\55159\\Desktop\\RaidersAcademy-backend\\src\\routes\\respostas.routes.ts","statementMap":{"0":{"start":{"line":1,"column":0},"end":{"line":1,"column":30}},"1":{"start":{"line":2,"column":0},"end":{"line":2,"column":null}},"2":{"start":{"line":8,"column":0},"end":{"line":8,"column":67}},"3":{"start":{"line":10,"column":15},"end":{"line":10,"column":31}},"4":{"start":{"line":40,"column":0},"end":{"line":40,"column":60}},"5":{"start":{"line":76,"column":0},"end":{"line":76,"column":67}},"6":{"start":{"line":101,"column":0},"end":{"line":101,"column":68}},"7":{"start":{"line":144,"column":0},"end":{"line":144,"column":75}},"8":{"start":{"line":146,"column":0},"end":{"line":146,"column":22}}},"fnMap":{},"branchMap":{},"s":{"0":4,"1":4,"2":4,"3":4,"4":4,"5":4,"6":4,"7":4,"8":4},"f":{},"b":{}}
,"C:\\Users\\55159\\Desktop\\RaidersAcademy-backend\\src\\routes\\user.routes.ts": {"path":"C:\\Users\\55159\\Desktop\\RaidersAcademy-backend\\src\\routes\\user.routes.ts","statementMap":{"0":{"start":{"line":1,"column":0},"end":{"line":1,"column":30}},"1":{"start":{"line":2,"column":0},"end":{"line":2,"column":null}},"2":{"start":{"line":12,"column":15},"end":{"line":12,"column":31}},"3":{"start":{"line":48,"column":0},"end":{"line":48,"column":39}},"4":{"start":{"line":75,"column":0},"end":{"line":75,"column":33}},"5":{"start":{"line":108,"column":0},"end":{"line":108,"column":55}},"6":{"start":{"line":135,"column":0},"end":{"line":135,"column":58}},"7":{"start":{"line":162,"column":0},"end":{"line":162,"column":52}},"8":{"start":{"line":185,"column":0},"end":{"line":185,"column":49}},"9":{"start":{"line":187,"column":0},"end":{"line":187,"column":22}}},"fnMap":{},"branchMap":{},"s":{"0":4,"1":4,"2":4,"3":4,"4":4,"5":4,"6":4,"7":4,"8":4,"9":4},"f":{},"b":{}}
}
