TN:
SF:src\index.ts
FN:18,(anonymous_1)
FNF:1
FNH:0
FNDA:0,(anonymous_1)
DA:1,4
DA:2,4
DA:3,4
DA:4,4
DA:5,4
DA:6,4
DA:7,4
DA:8,4
DA:9,4
DA:10,4
DA:12,4
DA:14,4
DA:15,4
DA:18,4
DA:19,0
DA:20,0
DA:24,4
DA:25,4
DA:28,4
DA:31,4
DA:32,4
DA:33,4
DA:34,4
DA:37,4
LF:24
LH:22
BRDA:15,0,0,4
BRDA:15,0,1,0
BRF:2
BRH:1
end_of_record
TN:
SF:src\controllers\admin.controller.ts
FN:16,(anonymous_1)
FN:66,(anonymous_2)
FNF:2
FNH:2
FNDA:6,(anonymous_1)
FNDA:65,(anonymous_2)
DA:2,4
DA:3,4
DA:4,4
DA:6,4
DA:16,4
DA:17,6
DA:19,6
DA:21,6
DA:24,6
DA:26,4
DA:27,1
DA:28,1
DA:33,5
DA:34,5
DA:36,5
DA:37,2
DA:38,2
DA:42,3
DA:45,3
DA:55,3
DA:57,2
DA:58,2
DA:60,1
DA:61,1
DA:66,4
DA:67,65
DA:69,65
DA:71,65
DA:73,64
DA:74,1
DA:75,1
DA:79,63
DA:81,63
DA:82,1
DA:83,1
DA:87,62
DA:91,62
DA:93,1
LF:38
LH:38
BRDA:6,0,0,4
BRDA:6,0,1,4
BRDA:24,1,0,4
BRDA:26,2,0,1
BRDA:26,3,0,4
BRDA:26,3,1,3
BRDA:36,4,0,2
BRDA:36,5,0,5
BRDA:36,5,1,4
BRDA:73,6,0,1
BRDA:73,7,0,64
BRDA:73,7,1,64
BRDA:81,8,0,1
BRF:13
BRH:13
end_of_record
TN:
SF:src\controllers\campus.controller.ts
FN:4,(anonymous_0)
FN:17,(anonymous_1)
FN:33,(anonymous_2)
FN:50,(anonymous_3)
FNF:4
FNH:4
FNDA:2,(anonymous_0)
FNDA:3,(anonymous_1)
FNDA:3,(anonymous_2)
FNDA:3,(anonymous_3)
DA:2,4
DA:4,4
DA:5,2
DA:6,2
DA:8,2
DA:9,2
DA:11,1
DA:13,1
DA:17,4
DA:18,3
DA:19,3
DA:20,3
DA:22,2
DA:23,1
DA:24,1
DA:27,1
DA:29,1
DA:33,4
DA:34,3
DA:35,3
DA:37,3
DA:39,2
DA:40,1
DA:41,1
DA:44,1
DA:46,1
DA:50,4
DA:51,3
DA:53,3
DA:55,2
DA:56,1
DA:57,1
DA:60,1
DA:62,1
LF:34
LH:34
BRDA:22,0,0,1
BRDA:39,1,0,1
BRDA:55,2,0,1
BRDA:55,3,0,2
BRDA:55,3,1,2
BRF:5
BRH:5
end_of_record
TN:
SF:src\controllers\curso.controller.ts
FN:4,(anonymous_0)
FN:17,(anonymous_1)
FN:40,(anonymous_2)
FN:58,(anonymous_3)
FNF:4
FNH:4
FNDA:2,(anonymous_0)
FNDA:3,(anonymous_1)
FNDA:3,(anonymous_2)
FNDA:3,(anonymous_3)
DA:2,4
DA:4,4
DA:5,2
DA:6,2
DA:8,2
DA:9,2
DA:11,1
DA:13,1
DA:17,4
DA:18,3
DA:19,3
DA:20,3
DA:23,3
DA:29,2
DA:30,1
DA:31,1
DA:34,1
DA:36,1
DA:40,4
DA:41,3
DA:42,3
DA:45,3
DA:47,2
DA:48,1
DA:49,1
DA:52,1
DA:54,1
DA:58,4
DA:59,3
DA:60,3
DA:62,2
DA:64,1
LF:32
LH:32
BRDA:29,0,0,1
BRDA:47,1,0,1
BRF:2
BRH:2
end_of_record
TN:
SF:src\controllers\disciplinas.controller.ts
FN:5,(anonymous_0)
FN:31,(anonymous_1)
FN:61,(anonymous_2)
FN:80,(anonymous_3)
FNF:4
FNH:4
FNDA:16,(anonymous_0)
FNDA:4,(anonymous_1)
FNDA:3,(anonymous_2)
FNDA:2,(anonymous_3)
DA:2,4
DA:5,4
DA:6,16
DA:7,16
DA:10,16
DA:11,2
DA:12,2
DA:16,14
DA:22,14
DA:24,10
DA:26,4
DA:31,4
DA:32,4
DA:33,4
DA:34,4
DA:37,4
DA:38,1
DA:39,1
DA:43,3
DA:49,2
DA:50,1
DA:51,1
DA:54,1
DA:56,1
DA:61,4
DA:62,3
DA:63,3
DA:66,3
DA:68,2
DA:69,1
DA:70,1
DA:73,1
DA:75,1
DA:80,4
DA:81,2
DA:82,2
DA:84,1
DA:86,1
LF:38
LH:38
BRDA:10,0,0,2
BRDA:10,1,0,16
BRDA:10,1,1,15
BRDA:37,2,0,1
BRDA:37,3,0,4
BRDA:37,3,1,1
BRDA:49,4,0,1
BRDA:68,5,0,1
BRF:8
BRH:8
end_of_record
TN:
SF:src\controllers\perguntas.controller.ts
FN:11,(anonymous_0)
FN:41,(anonymous_1)
FN:53,(anonymous_2)
FN:76,(anonymous_3)
FNF:4
FNH:4
FNDA:5,(anonymous_0)
FNDA:2,(anonymous_1)
FNDA:2,(anonymous_2)
FNDA:3,(anonymous_3)
DA:2,4
DA:11,4
DA:12,5
DA:13,5
DA:16,5
DA:17,1
DA:18,1
DA:22,4
DA:30,4
DA:33,4
DA:35,0
DA:41,4
DA:42,2
DA:43,2
DA:45,2
DA:46,1
DA:48,1
DA:53,4
DA:54,2
DA:55,2
DA:56,2
DA:59,2
DA:65,2
DA:66,1
DA:67,1
DA:70,1
DA:72,0
DA:76,4
DA:77,3
DA:78,3
DA:81,3
DA:83,2
DA:84,1
DA:85,1
DA:88,1
DA:90,1
LF:36
LH:34
BRDA:16,0,0,1
BRDA:16,1,0,5
BRDA:16,1,1,5
BRDA:16,1,2,4
BRDA:65,2,0,1
BRDA:83,3,0,1
BRF:6
BRH:6
end_of_record
TN:
SF:src\controllers\respostas.controller.ts
FN:12,(anonymous_0)
FN:40,(anonymous_1)
FN:70,(anonymous_2)
FN:89,(anonymous_3)
FNF:4
FNH:4
FNDA:2,(anonymous_0)
FNDA:3,(anonymous_1)
FNDA:2,(anonymous_2)
FNDA:3,(anonymous_3)
DA:2,4
DA:12,4
DA:13,2
DA:14,2
DA:17,2
DA:18,1
DA:19,1
DA:23,1
DA:30,1
DA:33,1
DA:35,0
DA:40,4
DA:41,3
DA:42,3
DA:43,3
DA:46,3
DA:47,1
DA:48,1
DA:52,2
DA:58,2
DA:59,1
DA:60,1
DA:63,1
DA:65,0
DA:70,4
DA:71,2
DA:72,2
DA:75,2
DA:77,2
DA:78,1
DA:79,1
DA:82,1
DA:84,0
DA:89,4
DA:90,3
DA:91,3
DA:94,3
DA:96,2
DA:98,1
LF:39
LH:36
BRDA:17,0,0,1
BRDA:17,1,0,2
BRDA:17,1,1,2
BRDA:46,2,0,1
BRDA:58,3,0,1
BRDA:77,4,0,1
BRF:6
BRH:6
end_of_record
TN:
SF:src\controllers\user.controller.ts
FN:18,(anonymous_1)
FN:41,(anonymous_2)
FN:70,(anonymous_3)
FN:102,(anonymous_4)
FN:127,(anonymous_5)
FN:150,(anonymous_6)
FN:162,(anonymous_7)
FN:177,(anonymous_8)
FN:206,(anonymous_9)
FN:229,(anonymous_10)
FNF:10
FNH:8
FNDA:3,(anonymous_1)
FNDA:0,(anonymous_2)
FNDA:24,(anonymous_3)
FNDA:4,(anonymous_4)
FNDA:0,(anonymous_5)
FNDA:33,(anonymous_6)
FNDA:29,(anonymous_7)
FNDA:4,(anonymous_8)
FNDA:4,(anonymous_9)
FNDA:3,(anonymous_10)
DA:2,4
DA:3,4
DA:4,4
DA:5,4
DA:7,4
DA:18,4
DA:22,3
DA:24,3
DA:26,3
DA:27,3
DA:28,1
DA:29,1
DA:33,2
DA:37,1
DA:39,1
DA:41,0
DA:46,1
DA:57,1
DA:59,1
DA:65,1
DA:70,4
DA:71,24
DA:73,24
DA:75,24
DA:76,23
DA:77,1
DA:78,1
DA:82,22
DA:83,22
DA:84,1
DA:85,1
DA:89,21
DA:95,21
DA:97,1
DA:102,4
DA:106,4
DA:107,4
DA:108,4
DA:109,1
DA:110,1
DA:112,3
DA:113,1
DA:116,1
DA:121,2
DA:125,1
DA:127,0
DA:131,1
DA:141,1
DA:145,1
DA:150,4
DA:155,33
DA:157,33
DA:158,4
DA:159,4
DA:162,29
DA:163,29
DA:164,0
DA:167,29
DA:172,29
DA:177,4
DA:181,4
DA:183,4
DA:185,3
DA:186,1
DA:187,1
DA:190,2
DA:191,1
DA:194,1
DA:199,1
DA:201,1
DA:206,4
DA:207,4
DA:208,4
DA:209,3
DA:210,1
DA:211,1
DA:214,2
DA:215,1
DA:218,1
DA:221,1
DA:223,1
DA:229,4
DA:233,3
DA:234,3
DA:235,2
DA:236,1
DA:237,1
DA:240,1
DA:242,1
DA:248,4
LF:90
LH:87
BRDA:7,0,0,4
BRDA:7,0,1,4
BRDA:27,1,0,1
BRDA:37,2,0,1
BRDA:37,2,1,0
BRDA:37,3,0,1
BRDA:37,3,1,1
BRDA:39,4,0,0
BRDA:39,4,1,1
BRDA:39,5,0,1
BRDA:39,5,1,0
BRDA:76,6,0,1
BRDA:83,7,0,1
BRDA:108,8,0,1
BRDA:112,9,0,1
BRDA:121,10,0,1
BRDA:121,10,1,1
BRDA:121,11,0,2
BRDA:121,11,1,1
BRDA:125,12,0,0
BRDA:125,12,1,1
BRDA:125,13,0,1
BRDA:125,13,1,0
BRDA:157,14,0,4
BRDA:163,15,0,0
BRDA:185,16,0,1
BRDA:190,17,0,1
BRDA:209,18,0,1
BRDA:214,19,0,1
BRDA:235,20,0,1
BRF:30
BRH:24
end_of_record
TN:
SF:src\helpers\autenticarAdmin.ts
FN:12,(anonymous_1)
FNF:1
FNH:1
FNDA:47,(anonymous_1)
DA:2,4
DA:3,4
DA:5,4
DA:12,4
DA:17,47
DA:19,47
DA:20,3
DA:21,3
DA:24,44
DA:25,44
DA:26,43
DA:28,43
DA:29,0
DA:30,0
DA:34,43
DA:37,43
DA:39,1
DA:40,1
LF:18
LH:16
BRDA:5,0,0,4
BRDA:5,0,1,4
BRDA:19,1,0,3
BRDA:28,2,0,0
BRDA:28,3,0,43
BRDA:28,3,1,43
BRF:6
BRH:5
end_of_record
TN:
SF:src\helpers\database.ts
FN:3,(anonymous_1)
FNF:1
FNH:1
FNDA:4,(anonymous_1)
DA:1,4
DA:3,4
DA:4,4
DA:5,4
DA:6,4
DA:9,0
DA:11,0
DA:12,0
DA:15,0
DA:16,0
DA:17,0
DA:19,0
DA:20,0
LF:13
LH:5
BRDA:4,0,0,4
BRDA:11,1,0,0
BRDA:19,2,0,0
BRDA:19,2,1,0
BRF:4
BRH:1
end_of_record
TN:
SF:src\helpers\swagger.ts
FN:25,(anonymous_1)
FNF:1
FNH:1
FNDA:4,(anonymous_1)
DA:1,4
DA:2,4
DA:6,4
DA:23,4
DA:25,4
DA:26,4
DA:27,4
LF:7
LH:7
BRF:0
BRH:0
end_of_record
TN:
SF:src\models\campus.models.ts
FNF:0
FNH:0
DA:1,4
DA:8,4
DA:13,4
LF:3
LH:3
BRF:0
BRH:0
end_of_record
TN:
SF:src\models\curso.models.ts
FNF:0
FNH:0
DA:1,4
DA:8,4
DA:13,4
LF:3
LH:3
BRF:0
BRH:0
end_of_record
TN:
SF:src\models\disciplina.models.ts
FNF:0
FNH:0
DA:1,4
DA:8,4
DA:13,4
LF:3
LH:3
BRF:0
BRH:0
end_of_record
TN:
SF:src\models\perguntas.models.ts
FNF:0
FNH:0
DA:1,4
DA:10,4
DA:17,4
LF:3
LH:3
BRF:0
BRH:0
end_of_record
TN:
SF:src\models\respostas.models.ts
FNF:0
FNH:0
DA:1,4
DA:9,4
DA:15,4
LF:3
LH:3
BRF:0
BRH:0
end_of_record
TN:
SF:src\models\user.model.ts
FN:30,(anonymous_6)
FN:35,(anonymous_7)
FNF:2
FNH:2
FNDA:96,(anonymous_6)
FNDA:96,(anonymous_7)
DA:1,4
DA:17,4
DA:30,96
DA:35,96
DA:41,4
LF:5
LH:5
BRF:0
BRH:0
end_of_record
TN:
SF:src\routes\admin.routes.ts
FNF:0
FNH:0
DA:1,4
DA:2,4
DA:3,4
DA:4,4
DA:5,4
DA:6,4
DA:8,4
DA:85,4
DA:152,4
DA:211,4
DA:266,4
DA:334,4
DA:383,4
DA:438,4
DA:506,4
DA:555,4
DA:620,4
DA:698,4
DA:747,4
DA:795,4
DA:833,4
DA:871,4
DA:873,4
LF:23
LH:23
BRF:0
BRH:0
end_of_record
TN:
SF:src\routes\perguntas.routes.ts
FNF:0
FNH:0
DA:1,4
DA:2,4
DA:8,4
DA:10,4
DA:42,4
DA:80,4
DA:105,4
DA:148,4
DA:150,4
LF:9
LH:9
BRF:0
BRH:0
end_of_record
TN:
SF:src\routes\respostas.routes.ts
FNF:0
FNH:0
DA:1,4
DA:2,4
DA:8,4
DA:10,4
DA:40,4
DA:76,4
DA:101,4
DA:144,4
DA:146,4
LF:9
LH:9
BRF:0
BRH:0
end_of_record
TN:
SF:src\routes\user.routes.ts
FNF:0
FNH:0
DA:1,4
DA:2,4
DA:12,4
DA:48,4
DA:75,4
DA:108,4
DA:135,4
DA:162,4
DA:185,4
DA:187,4
LF:10
LH:10
BRF:0
BRH:0
end_of_record
